TN:
SF:script/Deploy.s.sol
DA:19,0
FN:19,Deploy.run
FNDA:0,Deploy.run
DA:21,0
DA:24,0
DA:27,0
DA:30,0
DA:33,0
DA:34,0
DA:35,0
DA:36,0
DA:37,0
DA:38,0
DA:39,0
DA:40,0
DA:41,0
DA:42,0
FNF:1
FNH:0
LF:15
LH:0
BRF:0
BRH:0
end_of_record
TN:
SF:src/BlockSign.sol
DA:114,1094
FN:114,BlockSign.signDocument
FNDA:1094,BlockSign.signDocument
DA:120,2
BRDA:120,0,0,2
DA:123,1092
BRDA:123,1,0,2
DA:124,1090
BRDA:124,2,0,2
DA:127,3
BRDA:127,3,0,3
DA:128,3
DA:132,1085
DA:139,1085
DA:142,1085
DA:145,1085
DA:148,1085
DA:158,786
FN:158,BlockSign.verify
FNDA:786,BlockSign.verify
DA:163,786
DA:172,523
FN:172,BlockSign.getSignatures
FNDA:523,BlockSign.getSignatures
DA:177,523
DA:185,5
FN:185,BlockSign.getSignatureCount
FNDA:5,BlockSign.getSignatureCount
DA:190,5
DA:201,10
FN:201,BlockSign.pause
FNDA:10,BlockSign.pause
DA:202,9
DA:203,9
DA:210,6
FN:210,BlockSign.unpause
FNDA:6,BlockSign.unpause
DA:211,5
DA:212,5
DA:219,5
FN:219,BlockSign.isPaused
FNDA:5,BlockSign.isPaused
DA:220,5
FNF:7
FNH:7
LF:25
LH:25
BRF:4
BRH:4
end_of_record
